c:\users\erkik\desktop\met_engine\build\cmakefiles\generate.stamp
c:\users\erkik\desktop\met_engine\build\debug\met_engine.exe
c:\users\erkik\desktop\met_engine\build\debug\met_engine.pdb
c:\users\erkik\desktop\met_engine\build\met_engine.dir\debug\.d.json
c:\users\erkik\desktop\met_engine\build\met_engine.dir\debug\window.obj
c:\users\erkik\desktop\met_engine\build\met_engine.dir\debug\window.cpp.module.json
c:\users\erkik\desktop\met_engine\build\met_engine.dir\debug\met_engine.ilk
c:\users\erkik\desktop\met_engine\build\met_engine.dir\debug\vc143.pdb
c:\users\erkik\desktop\met_engine\build\met_engine.dir\debug\met_engine.tlog\cl.command.1.tlog
c:\users\erkik\desktop\met_engine\build\met_engine.dir\debug\met_engine.tlog\cl.items.tlog
c:\users\erkik\desktop\met_engine\build\met_engine.dir\debug\met_engine.tlog\custombuild.command.1.tlog
c:\users\erkik\desktop\met_engine\build\met_engine.dir\debug\met_engine.tlog\custombuild.read.1.tlog
c:\users\erkik\desktop\met_engine\build\met_engine.dir\debug\met_engine.tlog\custombuild.write.1.tlog
c:\users\erkik\desktop\met_engine\build\met_engine.dir\debug\met_engine.tlog\link.command.1.tlog
c:\users\erkik\desktop\met_engine\build\met_engine.dir\debug\met_engine.tlog\link.read.1.tlog
c:\users\erkik\desktop\met_engine\build\met_engine.dir\debug\met_engine.tlog\link.secondary.1.tlog
c:\users\erkik\desktop\met_engine\build\met_engine.dir\debug\met_engine.tlog\link.write.1.tlog
c:\users\erkik\desktop\met_engine\build\met_engine.dir\debug\met_engine.tlog\microsoft.build.cpptasks.cl.read.1.tlog
c:\users\erkik\desktop\met_engine\build\met_engine.dir\debug\met_engine.tlog\microsoft.build.cpptasks.cl.write.1.tlog
c:\users\erkik\desktop\met_engine\build\met_engine.dir\debug\met_engine_md.tlog\cl.command.1.tlog
c:\users\erkik\desktop\met_engine\build\met_engine.dir\debug\met_engine_md.tlog\microsoft.build.cpptasks.cl.read.1.tlog
c:\users\erkik\desktop\met_engine\build\met_engine.dir\debug\met_engine_md.tlog\microsoft.build.cpptasks.cl.write.1.tlog
